<?xml version="1.0" encoding="UTF-8"?>
<testsuite xmlns:xsi="http://www.w3.org/2001/XMLSchema-instance" xsi:noNamespaceSchemaLocation="https://maven.apache.org/surefire/maven-surefire-plugin/xsd/surefire-test-report.xsd" version="3.0.2" name="com.tus.anomalydetection.AnomalyDetectionApplicationTests" time="3.049" tests="1" errors="0" skipped="0" failures="0">
  <properties>
[...]
</properties>
  <testcase name="contextLoads" classname="com.tus.anomalydetection.AnomalyDetectionApplicationTests" time="0.337">
    <system-out><![CDATA[11:28:51.231 [main] INFO org.springframework.test.context.support.AnnotationConfigContextLoaderUtils -- Could not detect default configuration classes for test class [com.tus.anomalydetection.AnomalyDetectionApplicationTests]: AnomalyDetectionApplicationTests does not declare any static, non-private, non-final, nested classes annotated with @Configuration.
11:28:51.285 [main] INFO org.springframework.boot.test.context.SpringBootTestContextBootstrapper -- Found @SpringBootConfiguration com.tus.anomalydetection.AnomalyDetectionApplication for test class com.tus.anomalydetection.AnomalyDetectionApplicationTests

  .   ____          _            __ _ _
 /\\ / ___'_ __ _ _(_)_ __  __ _ \ \ \ \
( ( )\___ | '_ | '_| | '_ \/ _` | \ \ \ \
 \\/  ___)| |_)| | | | | || (_| |  ) ) ) )
  '  |____| .__|_| |_|_| |_\__, | / / / /
 =========|_|==============|___/=/_/_/_/

 :: Spring Boot ::                (v3.4.2)

2025-06-03T11:28:51.474+01:00  INFO 37533 --- [AnomalyDetection] [           main] c.t.a.AnomalyDetectionApplicationTests   : Starting AnomalyDetectionApplicationTests using Java 23.0.2 with PID 37533 (started by scott in /Users/scott/Documents/GitHub/TNF/theFellows/AnomalyDetection)
2025-06-03T11:28:51.474+01:00  INFO 37533 --- [AnomalyDetection] [           main] c.t.a.AnomalyDetectionApplicationTests   : No active profile set, falling back to 1 default profile: "default"
2025-06-03T11:28:51.754+01:00  INFO 37533 --- [AnomalyDetection] [           main] .s.d.r.c.RepositoryConfigurationDelegate : Bootstrapping Spring Data JPA repositories in DEFAULT mode.
2025-06-03T11:28:51.785+01:00  INFO 37533 --- [AnomalyDetection] [           main] .s.d.r.c.RepositoryConfigurationDelegate : Finished Spring Data repository scanning in 26 ms. Found 2 JPA repository interfaces.
2025-06-03T11:28:52.005+01:00  INFO 37533 --- [AnomalyDetection] [           main] o.hibernate.jpa.internal.util.LogHelper  : HHH000204: Processing PersistenceUnitInfo [name: default]
2025-06-03T11:28:52.036+01:00  INFO 37533 --- [AnomalyDetection] [           main] org.hibernate.Version                    : HHH000412: Hibernate ORM core version 6.6.5.Final
2025-06-03T11:28:52.054+01:00  INFO 37533 --- [AnomalyDetection] [           main] o.h.c.internal.RegionFactoryInitiator    : HHH000026: Second-level cache disabled
2025-06-03T11:28:52.196+01:00  INFO 37533 --- [AnomalyDetection] [           main] o.s.o.j.p.SpringPersistenceUnitInfo      : No LoadTimeWeaver setup: ignoring JPA class transformer
2025-06-03T11:28:52.211+01:00  INFO 37533 --- [AnomalyDetection] [           main] com.zaxxer.hikari.HikariDataSource       : HikariPool-1 - Starting...
2025-06-03T11:28:52.425+01:00  INFO 37533 --- [AnomalyDetection] [           main] com.zaxxer.hikari.pool.HikariPool        : HikariPool-1 - Added connection com.mysql.cj.jdbc.ConnectionImpl@2d47b06
2025-06-03T11:28:52.426+01:00  INFO 37533 --- [AnomalyDetection] [           main] com.zaxxer.hikari.HikariDataSource       : HikariPool-1 - Start completed.
2025-06-03T11:28:52.471+01:00  INFO 37533 --- [AnomalyDetection] [           main] org.hibernate.orm.connections.pooling    : HHH10001005: Database info:
	Database JDBC URL [Connecting through datasource 'HikariDataSource (HikariPool-1)']
	Database driver: undefined/unknown
	Database version: 9.3
	Autocommit mode: undefined/unknown
	Isolation level: undefined/unknown
	Minimum pool size: undefined/unknown
	Maximum pool size: undefined/unknown
2025-06-03T11:28:52.858+01:00  INFO 37533 --- [AnomalyDetection] [           main] o.h.e.t.j.p.i.JtaPlatformInitiator       : HHH000489: No JTA platform available (set 'hibernate.transaction.jta.platform' to enable JTA platform integration)
2025-06-03T11:28:52.896+01:00  INFO 37533 --- [AnomalyDetection] [           main] j.LocalContainerEntityManagerFactoryBean : Initialized JPA EntityManagerFactory for persistence unit 'default'
2025-06-03T11:28:53.034+01:00  INFO 37533 --- [AnomalyDetection] [           main] o.s.d.j.r.query.QueryEnhancerFactory     : Hibernate is in classpath; If applicable, HQL parser will be used.
2025-06-03T11:28:53.475+01:00  WARN 37533 --- [AnomalyDetection] [           main] JpaBaseConfiguration$JpaWebConfiguration : spring.jpa.open-in-view is enabled by default. Therefore, database queries may be performed during view rendering. Explicitly configure spring.jpa.open-in-view to disable this warning
2025-06-03T11:28:53.713+01:00  INFO 37533 --- [AnomalyDetection] [           main] o.a.k.clients.consumer.ConsumerConfig    : ConsumerConfig values: 
	allow.auto.create.topics = true
	auto.commit.interval.ms = 5000
	auto.include.jmx.reporter = true
	auto.offset.reset = earliest
	bootstrap.servers = [localhost:9092]
	check.crcs = true
	client.dns.lookup = use_all_dns_ips
	client.id = consumer-traffic-group-1
	client.rack = 
	connections.max.idle.ms = 540000
	default.api.timeout.ms = 60000
	enable.auto.commit = false
	enable.metrics.push = true
	exclude.internal.topics = true
	fetch.max.bytes = 52428800
	fetch.max.wait.ms = 500
	fetch.min.bytes = 1
	group.id = traffic-group
	group.instance.id = null
	group.protocol = classic
	group.remote.assignor = null
	heartbeat.interval.ms = 3000
	interceptor.classes = []
	internal.leave.group.on.close = true
	internal.throw.on.fetch.stable.offset.unsupported = false
	isolation.level = read_uncommitted
	key.deserializer = class org.apache.kafka.common.serialization.StringDeserializer
	max.partition.fetch.bytes = 1048576
	max.poll.interval.ms = 300000
	max.poll.records = 500
	metadata.max.age.ms = 300000
	metadata.recovery.strategy = none
	metric.reporters = []
	metrics.num.samples = 2
	metrics.recording.level = INFO
	metrics.sample.window.ms = 30000
	partition.assignment.strategy = [class org.apache.kafka.clients.consumer.RangeAssignor, class org.apache.kafka.clients.consumer.CooperativeStickyAssignor]
	receive.buffer.bytes = 65536
	reconnect.backoff.max.ms = 1000
	reconnect.backoff.ms = 50
	request.timeout.ms = 30000
	retry.backoff.max.ms = 1000
	retry.backoff.ms = 100
	sasl.client.callback.handler.class = null
	sasl.jaas.config = null
	sasl.kerberos.kinit.cmd = /usr/bin/kinit
	sasl.kerberos.min.time.before.relogin = 60000
	sasl.kerberos.service.name = null
	sasl.kerberos.ticket.renew.jitter = 0.05
	sasl.kerberos.ticket.renew.window.factor = 0.8
	sasl.login.callback.handler.class = null
	sasl.login.class = null
	sasl.login.connect.timeout.ms = null
	sasl.login.read.timeout.ms = null
	sasl.login.refresh.buffer.seconds = 300
	sasl.login.refresh.min.period.seconds = 60
	sasl.login.refresh.window.factor = 0.8
	sasl.login.refresh.window.jitter = 0.05
	sasl.login.retry.backoff.max.ms = 10000
	sasl.login.retry.backoff.ms = 100
	sasl.mechanism = GSSAPI
	sasl.oauthbearer.clock.skew.seconds = 30
	sasl.oauthbearer.expected.audience = null
	sasl.oauthbearer.expected.issuer = null
	sasl.oauthbearer.jwks.endpoint.refresh.ms = 3600000
	sasl.oauthbearer.jwks.endpoint.retry.backoff.max.ms = 10000
	sasl.oauthbearer.jwks.endpoint.retry.backoff.ms = 100
	sasl.oauthbearer.jwks.endpoint.url = null
	sasl.oauthbearer.scope.claim.name = scope
	sasl.oauthbearer.sub.claim.name = sub
	sasl.oauthbearer.token.endpoint.url = null
	security.protocol = PLAINTEXT
	security.providers = null
	send.buffer.bytes = 131072
	session.timeout.ms = 45000
	socket.connection.setup.timeout.max.ms = 30000
	socket.connection.setup.timeout.ms = 10000
	ssl.cipher.suites = null
	ssl.enabled.protocols = [TLSv1.2, TLSv1.3]
	ssl.endpoint.identification.algorithm = https
	ssl.engine.factory.class = null
	ssl.key.password = null
	ssl.keymanager.algorithm = SunX509
	ssl.keystore.certificate.chain = null
	ssl.keystore.key = null
	ssl.keystore.location = null
	ssl.keystore.password = null
	ssl.keystore.type = JKS
	ssl.protocol = TLSv1.3
	ssl.provider = null
	ssl.secure.random.implementation = null
	ssl.trustmanager.algorithm = PKIX
	ssl.truststore.certificates = null
	ssl.truststore.location = null
	ssl.truststore.password = null
	ssl.truststore.type = JKS
	value.deserializer = class org.springframework.kafka.support.serializer.JsonDeserializer

2025-06-03T11:28:53.738+01:00  INFO 37533 --- [AnomalyDetection] [           main] o.a.k.c.t.i.KafkaMetricsCollector        : initializing Kafka metrics collector
2025-06-03T11:28:53.834+01:00  INFO 37533 --- [AnomalyDetection] [           main] o.a.kafka.common.utils.AppInfoParser     : Kafka version: 3.8.1
2025-06-03T11:28:53.835+01:00  INFO 37533 --- [AnomalyDetection] [           main] o.a.kafka.common.utils.AppInfoParser     : Kafka commitId: 70d6ff42debf7e17
2025-06-03T11:28:53.835+01:00  INFO 37533 --- [AnomalyDetection] [           main] o.a.kafka.common.utils.AppInfoParser     : Kafka startTimeMs: 1748946533834
2025-06-03T11:28:53.836+01:00  INFO 37533 --- [AnomalyDetection] [           main] o.a.k.c.c.internals.LegacyKafkaConsumer  : [Consumer clientId=consumer-traffic-group-1, groupId=traffic-group] Subscribed to topic(s): traffic-data
2025-06-03T11:28:53.847+01:00  INFO 37533 --- [AnomalyDetection] [           main] c.t.a.AnomalyDetectionApplicationTests   : Started AnomalyDetectionApplicationTests in 2.494 seconds (process running for 2.948)
2025-06-03T11:28:54.008+01:00  INFO 37533 --- [AnomalyDetection] [ntainer#0-0-C-1] org.apache.kafka.clients.Metadata        : [Consumer clientId=consumer-traffic-group-1, groupId=traffic-group] Cluster ID: uDwTsv5eSbKGzfQNJjOpog
2025-06-03T11:28:54.008+01:00  INFO 37533 --- [AnomalyDetection] [ntainer#0-0-C-1] o.a.k.c.c.internals.ConsumerCoordinator  : [Consumer clientId=consumer-traffic-group-1, groupId=traffic-group] Discovered group coordinator localhost:9092 (id: 2147483646 rack: null)
2025-06-03T11:28:54.009+01:00  INFO 37533 --- [AnomalyDetection] [ntainer#0-0-C-1] o.a.k.c.c.internals.ConsumerCoordinator  : [Consumer clientId=consumer-traffic-group-1, groupId=traffic-group] (Re-)joining group
2025-06-03T11:28:54.022+01:00  INFO 37533 --- [AnomalyDetection] [ntainer#0-0-C-1] o.a.k.c.c.internals.ConsumerCoordinator  : [Consumer clientId=consumer-traffic-group-1, groupId=traffic-group] Request joining group due to: need to re-join with the given member-id: consumer-traffic-group-1-92b2c3d0-230f-44a5-8ce1-a400d765f683
2025-06-03T11:28:54.022+01:00  INFO 37533 --- [AnomalyDetection] [ntainer#0-0-C-1] o.a.k.c.c.internals.ConsumerCoordinator  : [Consumer clientId=consumer-traffic-group-1, groupId=traffic-group] (Re-)joining group
]]></system-out>
    <system-err><![CDATA[Mockito is currently self-attaching to enable the inline-mock-maker. This will no longer work in future releases of the JDK. Please add Mockito as an agent to your build what is described in Mockito's documentation: https://javadoc.io/doc/org.mockito/mockito-core/latest/org/mockito/Mockito.html#0.3
WARNING: A Java agent has been loaded dynamically (/Users/scott/.m2/repository/net/bytebuddy/byte-buddy-agent/1.15.11/byte-buddy-agent-1.15.11.jar)
WARNING: If a serviceability tool is in use, please run with -XX:+EnableDynamicAgentLoading to hide this warning
WARNING: If a serviceability tool is not in use, please run with -Djdk.instrument.traceUsage for more information
WARNING: Dynamic loading of agents will be disallowed by default in a future release
]]></system-err>
  </testcase>
</testsuite>